Copyright 1986-2022 Xilinx, Inc. All Rights Reserved. Copyright 2022-2024 Advanced Micro Devices, Inc. All Rights Reserved.
------------------------------------------------------------------------------------------------------------------------------------------------------------------------------------------------------------------------------------------------------
| Tool Version : Vivado v.2024.1 (lin64) Build 5076996 Wed May 22 18:36:09 MDT 2024
| Date         : Sun Jan 19 15:46:42 2025
| Host         : kry-atp running 64-bit unknown
| Command      : report_timing_summary -max_paths 10 -report_unconstrained -file EncryptionEngineTop_timing_summary_routed.rpt -pb EncryptionEngineTop_timing_summary_routed.pb -rpx EncryptionEngineTop_timing_summary_routed.rpx -warn_on_violation
| Design       : EncryptionEngineTop
| Device       : 7a35t-cpg236
| Speed File   : -1  PRODUCTION 1.23 2018-06-13
| Design State : Routed
------------------------------------------------------------------------------------------------------------------------------------------------------------------------------------------------------------------------------------------------------

Timing Summary Report

------------------------------------------------------------------------------------------------
| Timer Settings
| --------------
------------------------------------------------------------------------------------------------

  Enable Multi Corner Analysis               :  Yes
  Enable Pessimism Removal                   :  Yes
  Pessimism Removal Resolution               :  Nearest Common Node
  Enable Input Delay Default Clock           :  No
  Enable Preset / Clear Arcs                 :  No
  Disable Flight Delays                      :  No
  Ignore I/O Paths                           :  No
  Timing Early Launch at Borrowing Latches   :  No
  Borrow Time for Max Delay Exceptions       :  Yes
  Merge Timing Exceptions                    :  Yes
  Inter-SLR Compensation                     :  Conservative

  Corner  Analyze    Analyze    
  Name    Max Paths  Min Paths  
  ------  ---------  ---------  
  Slow    Yes        Yes        
  Fast    Yes        Yes        


------------------------------------------------------------------------------------------------
| Report Methodology
| ------------------
------------------------------------------------------------------------------------------------

Rule       Severity          Description                  Violations  
---------  ----------------  ---------------------------  ----------  
TIMING-17  Critical Warning  Non-clocked sequential cell  89          

Note: This report is based on the most recent report_methodology run and may not be up-to-date. Run report_methodology on the current design for the latest report.



check_timing report

Table of Contents
-----------------
1. checking no_clock (89)
2. checking constant_clock (0)
3. checking pulse_width_clock (0)
4. checking unconstrained_internal_endpoints (278)
5. checking no_input_delay (11)
6. checking no_output_delay (12)
7. checking multiple_clock (0)
8. checking generated_clocks (0)
9. checking loops (0)
10. checking partial_input_delay (0)
11. checking partial_output_delay (0)
12. checking latch_loops (0)

1. checking no_clock (89)
-------------------------
 There are 89 register/latch pins with no clock driven by root clock pin: i_clk (HIGH)


2. checking constant_clock (0)
------------------------------
 There are 0 register/latch pins with constant_clock.


3. checking pulse_width_clock (0)
---------------------------------
 There are 0 register/latch pins which need pulse_width check


4. checking unconstrained_internal_endpoints (278)
--------------------------------------------------
 There are 278 pins that are not constrained for maximum delay. (HIGH)

 There are 0 pins that are not constrained for maximum delay due to constant clock.


5. checking no_input_delay (11)
-------------------------------
 There are 11 input ports with no input delay specified. (HIGH)

 There are 0 input ports with no input delay but user has a false path constraint.


6. checking no_output_delay (12)
--------------------------------
 There are 12 ports with no output delay specified. (HIGH)

 There are 0 ports with no output delay but user has a false path constraint

 There are 0 ports with no output delay but with a timing clock defined on it or propagating through it


7. checking multiple_clock (0)
------------------------------
 There are 0 register/latch pins with multiple clocks.


8. checking generated_clocks (0)
--------------------------------
 There are 0 generated clocks that are not connected to a clock source.


9. checking loops (0)
---------------------
 There are 0 combinational loops in the design.


10. checking partial_input_delay (0)
------------------------------------
 There are 0 input ports with partial input delay specified.


11. checking partial_output_delay (0)
-------------------------------------
 There are 0 ports with partial output delay specified.


12. checking latch_loops (0)
----------------------------
 There are 0 combinational latch loops in the design through latch input



------------------------------------------------------------------------------------------------
| Design Timing Summary
| ---------------------
------------------------------------------------------------------------------------------------

    WNS(ns)      TNS(ns)  TNS Failing Endpoints  TNS Total Endpoints      WHS(ns)      THS(ns)  THS Failing Endpoints  THS Total Endpoints     WPWS(ns)     TPWS(ns)  TPWS Failing Endpoints  TPWS Total Endpoints  
    -------      -------  ---------------------  -------------------      -------      -------  ---------------------  -------------------     --------     --------  ----------------------  --------------------  
        inf        0.000                      0                  291          inf        0.000                      0                  291           NA           NA                      NA                    NA  


There are no user specified timing constraints.


------------------------------------------------------------------------------------------------
| Clock Summary
| -------------
------------------------------------------------------------------------------------------------


------------------------------------------------------------------------------------------------
| Intra Clock Table
| -----------------
------------------------------------------------------------------------------------------------

Clock             WNS(ns)      TNS(ns)  TNS Failing Endpoints  TNS Total Endpoints      WHS(ns)      THS(ns)  THS Failing Endpoints  THS Total Endpoints     WPWS(ns)     TPWS(ns)  TPWS Failing Endpoints  TPWS Total Endpoints  
-----             -------      -------  ---------------------  -------------------      -------      -------  ---------------------  -------------------     --------     --------  ----------------------  --------------------  


------------------------------------------------------------------------------------------------
| Inter Clock Table
| -----------------
------------------------------------------------------------------------------------------------

From Clock    To Clock          WNS(ns)      TNS(ns)  TNS Failing Endpoints  TNS Total Endpoints      WHS(ns)      THS(ns)  THS Failing Endpoints  THS Total Endpoints  
----------    --------          -------      -------  ---------------------  -------------------      -------      -------  ---------------------  -------------------  


------------------------------------------------------------------------------------------------
| Other Path Groups Table
| -----------------------
------------------------------------------------------------------------------------------------

Path Group    From Clock    To Clock          WNS(ns)      TNS(ns)  TNS Failing Endpoints  TNS Total Endpoints      WHS(ns)      THS(ns)  THS Failing Endpoints  THS Total Endpoints  
----------    ----------    --------          -------      -------  ---------------------  -------------------      -------      -------  ---------------------  -------------------  


------------------------------------------------------------------------------------------------
| User Ignored Path Table
| -----------------------
------------------------------------------------------------------------------------------------

Path Group    From Clock    To Clock    
----------    ----------    --------    


------------------------------------------------------------------------------------------------
| Unconstrained Path Table
| ------------------------
------------------------------------------------------------------------------------------------

Path Group    From Clock    To Clock    
----------    ----------    --------    
(none)                                    


------------------------------------------------------------------------------------------------
| Timing Details
| --------------
------------------------------------------------------------------------------------------------


--------------------------------------------------------------------------------------
Path Group:  (none)
From Clock:  
  To Clock:  

Max Delay           291 Endpoints
Min Delay           291 Endpoints
--------------------------------------------------------------------------------------


Max Delay Paths
--------------------------------------------------------------------------------------
Slack:                    inf
  Source:                 i_rst
                            (input port)
  Destination:            o_w5500_rst
                            (output port)
  Path Group:             (none)
  Path Type:              Max at Slow Process Corner
  Data Path Delay:        6.862ns  (logic 3.541ns (51.602%)  route 3.321ns (48.398%))
  Logic Levels:           2  (IBUF=1 OBUF=1)

    Location             Delay type                Incr(ns)  Path(ns)    Netlist Resource(s)
  -------------------------------------------------------------------    -------------------
    V15                                               0.000     0.000 r  i_rst (IN)
                         net (fo=0)                   0.000     0.000    i_rst
    V15                  IBUF (Prop_ibuf_I_O)         0.951     0.951 r  i_rst_IBUF_inst/O
                         net (fo=63, routed)          3.321     4.272    o_w5500_rst_OBUF
    P17                  OBUF (Prop_obuf_I_O)         2.590     6.862 r  o_w5500_rst_OBUF_inst/O
                         net (fo=0)                   0.000     6.862    o_w5500_rst
    P17                                                               r  o_w5500_rst (OUT)
  -------------------------------------------------------------------    -------------------

Slack:                    inf
  Source:                 FSM_sequential_current_state_reg[0]/C
                            (rising edge-triggered cell FDCE)
  Destination:            o_done
                            (output port)
  Path Group:             (none)
  Path Type:              Max at Slow Process Corner
  Data Path Delay:        6.155ns  (logic 3.244ns (52.702%)  route 2.911ns (47.298%))
  Logic Levels:           3  (FDCE=1 LUT3=1 OBUF=1)

    Location             Delay type                Incr(ns)  Path(ns)    Netlist Resource(s)
  -------------------------------------------------------------------    -------------------
    SLICE_X2Y11          FDCE                         0.000     0.000 r  FSM_sequential_current_state_reg[0]/C
    SLICE_X2Y11          FDCE (Prop_fdce_C_Q)         0.518     0.518 f  FSM_sequential_current_state_reg[0]/Q
                         net (fo=13, routed)          0.876     1.394    current_state[0]
    SLICE_X2Y11          LUT3 (Prop_lut3_I2_O)        0.124     1.518 r  o_done_OBUF_inst_i_1/O
                         net (fo=1, routed)           2.036     3.553    o_done_OBUF
    V19                  OBUF (Prop_obuf_I_O)         2.602     6.155 r  o_done_OBUF_inst/O
                         net (fo=0)                   0.000     6.155    o_done
    V19                                                               r  o_done (OUT)
  -------------------------------------------------------------------    -------------------

Slack:                    inf
  Source:                 spi_ctrl/spi_clk_internal_reg/C
                            (rising edge-triggered cell FDCE)
  Destination:            o_spi_clk
                            (output port)
  Path Group:             (none)
  Path Type:              Max at Slow Process Corner
  Data Path Delay:        5.189ns  (logic 3.243ns (62.502%)  route 1.946ns (37.498%))
  Logic Levels:           2  (FDCE=1 OBUF=1)

    Location             Delay type                Incr(ns)  Path(ns)    Netlist Resource(s)
  -------------------------------------------------------------------    -------------------
    SLICE_X2Y13          FDCE                         0.000     0.000 r  spi_ctrl/spi_clk_internal_reg/C
    SLICE_X2Y13          FDCE (Prop_fdce_C_Q)         0.478     0.478 r  spi_ctrl/spi_clk_internal_reg/Q
                         net (fo=6, routed)           1.946     2.424    o_spi_clk_OBUF
    U19                  OBUF (Prop_obuf_I_O)         2.765     5.189 r  o_spi_clk_OBUF_inst/O
                         net (fo=0)                   0.000     5.189    o_spi_clk
    U19                                                               r  o_spi_clk (OUT)
  -------------------------------------------------------------------    -------------------

Slack:                    inf
  Source:                 spi_ctrl/o_spi_mosi_reg/C
                            (rising edge-triggered cell FDCE)
  Destination:            o_spi_mosi
                            (output port)
  Path Group:             (none)
  Path Type:              Max at Slow Process Corner
  Data Path Delay:        5.102ns  (logic 3.063ns (60.035%)  route 2.039ns (39.965%))
  Logic Levels:           2  (FDCE=1 OBUF=1)

    Location             Delay type                Incr(ns)  Path(ns)    Netlist Resource(s)
  -------------------------------------------------------------------    -------------------
    SLICE_X3Y13          FDCE                         0.000     0.000 r  spi_ctrl/o_spi_mosi_reg/C
    SLICE_X3Y13          FDCE (Prop_fdce_C_Q)         0.456     0.456 r  spi_ctrl/o_spi_mosi_reg/Q
                         net (fo=1, routed)           2.039     2.495    o_spi_mosi_OBUF
    P18                  OBUF (Prop_obuf_I_O)         2.607     5.102 r  o_spi_mosi_OBUF_inst/O
                         net (fo=0)                   0.000     5.102    o_spi_mosi
    P18                                                               r  o_spi_mosi (OUT)
  -------------------------------------------------------------------    -------------------

Slack:                    inf
  Source:                 enc_engine/o_data_out_reg[7]/C
                            (rising edge-triggered cell FDCE)
  Destination:            o_encrypted_data[7]
                            (output port)
  Path Group:             (none)
  Path Type:              Max at Slow Process Corner
  Data Path Delay:        5.071ns  (logic 3.058ns (60.295%)  route 2.013ns (39.705%))
  Logic Levels:           2  (FDCE=1 OBUF=1)

    Location             Delay type                Incr(ns)  Path(ns)    Netlist Resource(s)
  -------------------------------------------------------------------    -------------------
    SLICE_X0Y10          FDCE                         0.000     0.000 r  enc_engine/o_data_out_reg[7]/C
    SLICE_X0Y10          FDCE (Prop_fdce_C_Q)         0.456     0.456 r  enc_engine/o_data_out_reg[7]/Q
                         net (fo=1, routed)           2.013     2.469    o_encrypted_data_OBUF[7]
    W18                  OBUF (Prop_obuf_I_O)         2.602     5.071 r  o_encrypted_data_OBUF[7]_inst/O
                         net (fo=0)                   0.000     5.071    o_encrypted_data[7]
    W18                                                               r  o_encrypted_data[7] (OUT)
  -------------------------------------------------------------------    -------------------

Slack:                    inf
  Source:                 spi_ctrl/o_spi_cs_reg/C
                            (rising edge-triggered cell FDPE)
  Destination:            o_spi_cs
                            (output port)
  Path Group:             (none)
  Path Type:              Max at Slow Process Corner
  Data Path Delay:        4.958ns  (logic 3.049ns (61.505%)  route 1.909ns (38.495%))
  Logic Levels:           2  (FDPE=1 OBUF=1)

    Location             Delay type                Incr(ns)  Path(ns)    Netlist Resource(s)
  -------------------------------------------------------------------    -------------------
    SLICE_X1Y12          FDPE                         0.000     0.000 r  spi_ctrl/o_spi_cs_reg/C
    SLICE_X1Y12          FDPE (Prop_fdpe_C_Q)         0.456     0.456 r  spi_ctrl/o_spi_cs_reg/Q
                         net (fo=1, routed)           1.909     2.365    o_spi_cs_OBUF
    R18                  OBUF (Prop_obuf_I_O)         2.593     4.958 r  o_spi_cs_OBUF_inst/O
                         net (fo=0)                   0.000     4.958    o_spi_cs
    R18                                                               r  o_spi_cs (OUT)
  -------------------------------------------------------------------    -------------------

Slack:                    inf
  Source:                 enc_engine/o_data_out_reg[6]/C
                            (rising edge-triggered cell FDCE)
  Destination:            o_encrypted_data[6]
                            (output port)
  Path Group:             (none)
  Path Type:              Max at Slow Process Corner
  Data Path Delay:        4.926ns  (logic 3.055ns (62.020%)  route 1.871ns (37.980%))
  Logic Levels:           2  (FDCE=1 OBUF=1)

    Location             Delay type                Incr(ns)  Path(ns)    Netlist Resource(s)
  -------------------------------------------------------------------    -------------------
    SLICE_X0Y11          FDCE                         0.000     0.000 r  enc_engine/o_data_out_reg[6]/C
    SLICE_X0Y11          FDCE (Prop_fdce_C_Q)         0.456     0.456 r  enc_engine/o_data_out_reg[6]/Q
                         net (fo=1, routed)           1.871     2.327    o_encrypted_data_OBUF[6]
    W19                  OBUF (Prop_obuf_I_O)         2.599     4.926 r  o_encrypted_data_OBUF[6]_inst/O
                         net (fo=0)                   0.000     4.926    o_encrypted_data[6]
    W19                                                               r  o_encrypted_data[6] (OUT)
  -------------------------------------------------------------------    -------------------

Slack:                    inf
  Source:                 enc_engine/o_data_out_reg[4]/C
                            (rising edge-triggered cell FDCE)
  Destination:            o_encrypted_data[4]
                            (output port)
  Path Group:             (none)
  Path Type:              Max at Slow Process Corner
  Data Path Delay:        4.923ns  (logic 3.058ns (62.110%)  route 1.865ns (37.890%))
  Logic Levels:           2  (FDCE=1 OBUF=1)

    Location             Delay type                Incr(ns)  Path(ns)    Netlist Resource(s)
  -------------------------------------------------------------------    -------------------
    SLICE_X0Y11          FDCE                         0.000     0.000 r  enc_engine/o_data_out_reg[4]/C
    SLICE_X0Y11          FDCE (Prop_fdce_C_Q)         0.456     0.456 r  enc_engine/o_data_out_reg[4]/Q
                         net (fo=1, routed)           1.865     2.321    o_encrypted_data_OBUF[4]
    T18                  OBUF (Prop_obuf_I_O)         2.602     4.923 r  o_encrypted_data_OBUF[4]_inst/O
                         net (fo=0)                   0.000     4.923    o_encrypted_data[4]
    T18                                                               r  o_encrypted_data[4] (OUT)
  -------------------------------------------------------------------    -------------------

Slack:                    inf
  Source:                 enc_engine/o_data_out_reg[3]/C
                            (rising edge-triggered cell FDCE)
  Destination:            o_encrypted_data[3]
                            (output port)
  Path Group:             (none)
  Path Type:              Max at Slow Process Corner
  Data Path Delay:        4.922ns  (logic 3.056ns (62.099%)  route 1.865ns (37.901%))
  Logic Levels:           2  (FDCE=1 OBUF=1)

    Location             Delay type                Incr(ns)  Path(ns)    Netlist Resource(s)
  -------------------------------------------------------------------    -------------------
    SLICE_X0Y10          FDCE                         0.000     0.000 r  enc_engine/o_data_out_reg[3]/C
    SLICE_X0Y10          FDCE (Prop_fdce_C_Q)         0.456     0.456 r  enc_engine/o_data_out_reg[3]/Q
                         net (fo=1, routed)           1.865     2.321    o_encrypted_data_OBUF[3]
    U17                  OBUF (Prop_obuf_I_O)         2.600     4.922 r  o_encrypted_data_OBUF[3]_inst/O
                         net (fo=0)                   0.000     4.922    o_encrypted_data[3]
    U17                                                               r  o_encrypted_data[3] (OUT)
  -------------------------------------------------------------------    -------------------

Slack:                    inf
  Source:                 enc_engine/o_data_out_reg[5]/C
                            (rising edge-triggered cell FDCE)
  Destination:            o_encrypted_data[5]
                            (output port)
  Path Group:             (none)
  Path Type:              Max at Slow Process Corner
  Data Path Delay:        4.771ns  (logic 3.055ns (64.026%)  route 1.716ns (35.974%))
  Logic Levels:           2  (FDCE=1 OBUF=1)

    Location             Delay type                Incr(ns)  Path(ns)    Netlist Resource(s)
  -------------------------------------------------------------------    -------------------
    SLICE_X0Y11          FDCE                         0.000     0.000 r  enc_engine/o_data_out_reg[5]/C
    SLICE_X0Y11          FDCE (Prop_fdce_C_Q)         0.456     0.456 r  enc_engine/o_data_out_reg[5]/Q
                         net (fo=1, routed)           1.716     2.172    o_encrypted_data_OBUF[5]
    T17                  OBUF (Prop_obuf_I_O)         2.599     4.771 r  o_encrypted_data_OBUF[5]_inst/O
                         net (fo=0)                   0.000     4.771    o_encrypted_data[5]
    T17                                                               r  o_encrypted_data[5] (OUT)
  -------------------------------------------------------------------    -------------------





Min Delay Paths
--------------------------------------------------------------------------------------
Slack:                    inf
  Source:                 spi_ctrl/rx_shift_reg_reg[7]/C
                            (rising edge-triggered cell FDCE)
  Destination:            spi_ctrl/o_data_out_reg[7]/D
  Path Group:             (none)
  Path Type:              Min at Fast Process Corner
  Data Path Delay:        0.187ns  (logic 0.128ns (68.470%)  route 0.059ns (31.530%))
  Logic Levels:           1  (FDCE=1)

    Location             Delay type                Incr(ns)  Path(ns)    Netlist Resource(s)
  -------------------------------------------------------------------    -------------------
    SLICE_X9Y12          FDCE                         0.000     0.000 r  spi_ctrl/rx_shift_reg_reg[7]/C
    SLICE_X9Y12          FDCE (Prop_fdce_C_Q)         0.128     0.128 r  spi_ctrl/rx_shift_reg_reg[7]/Q
                         net (fo=1, routed)           0.059     0.187    spi_ctrl/rx_shift_reg[7]
    SLICE_X8Y12          FDCE                                         r  spi_ctrl/o_data_out_reg[7]/D
  -------------------------------------------------------------------    -------------------

Slack:                    inf
  Source:                 spi_ctrl/o_data_out_reg[3]/C
                            (rising edge-triggered cell FDCE)
  Destination:            fifo_inst/ram_reg/DIADI[3]
  Path Group:             (none)
  Path Type:              Min at Fast Process Corner
  Data Path Delay:        0.248ns  (logic 0.141ns (56.898%)  route 0.107ns (43.102%))
  Logic Levels:           1  (FDCE=1)

    Location             Delay type                Incr(ns)  Path(ns)    Netlist Resource(s)
  -------------------------------------------------------------------    -------------------
    SLICE_X9Y11          FDCE                         0.000     0.000 r  spi_ctrl/o_data_out_reg[3]/C
    SLICE_X9Y11          FDCE (Prop_fdce_C_Q)         0.141     0.141 r  spi_ctrl/o_data_out_reg[3]/Q
                         net (fo=1, routed)           0.107     0.248    fifo_inst/Q[3]
    RAMB18_X0Y4          RAMB18E1                                     r  fifo_inst/ram_reg/DIADI[3]
  -------------------------------------------------------------------    -------------------

Slack:                    inf
  Source:                 spi_ctrl/o_data_out_reg[4]/C
                            (rising edge-triggered cell FDCE)
  Destination:            fifo_inst/ram_reg/DIADI[4]
  Path Group:             (none)
  Path Type:              Min at Fast Process Corner
  Data Path Delay:        0.248ns  (logic 0.141ns (56.898%)  route 0.107ns (43.102%))
  Logic Levels:           1  (FDCE=1)

    Location             Delay type                Incr(ns)  Path(ns)    Netlist Resource(s)
  -------------------------------------------------------------------    -------------------
    SLICE_X9Y11          FDCE                         0.000     0.000 r  spi_ctrl/o_data_out_reg[4]/C
    SLICE_X9Y11          FDCE (Prop_fdce_C_Q)         0.141     0.141 r  spi_ctrl/o_data_out_reg[4]/Q
                         net (fo=1, routed)           0.107     0.248    fifo_inst/Q[4]
    RAMB18_X0Y4          RAMB18E1                                     r  fifo_inst/ram_reg/DIADI[4]
  -------------------------------------------------------------------    -------------------

Slack:                    inf
  Source:                 spi_ctrl/o_data_out_reg[5]/C
                            (rising edge-triggered cell FDCE)
  Destination:            fifo_inst/ram_reg/DIADI[5]
  Path Group:             (none)
  Path Type:              Min at Fast Process Corner
  Data Path Delay:        0.248ns  (logic 0.141ns (56.898%)  route 0.107ns (43.102%))
  Logic Levels:           1  (FDCE=1)

    Location             Delay type                Incr(ns)  Path(ns)    Netlist Resource(s)
  -------------------------------------------------------------------    -------------------
    SLICE_X9Y11          FDCE                         0.000     0.000 r  spi_ctrl/o_data_out_reg[5]/C
    SLICE_X9Y11          FDCE (Prop_fdce_C_Q)         0.141     0.141 r  spi_ctrl/o_data_out_reg[5]/Q
                         net (fo=1, routed)           0.107     0.248    fifo_inst/Q[5]
    RAMB18_X0Y4          RAMB18E1                                     r  fifo_inst/ram_reg/DIADI[5]
  -------------------------------------------------------------------    -------------------

Slack:                    inf
  Source:                 spi_ctrl/o_data_out_reg[6]/C
                            (rising edge-triggered cell FDCE)
  Destination:            fifo_inst/ram_reg/DIADI[6]
  Path Group:             (none)
  Path Type:              Min at Fast Process Corner
  Data Path Delay:        0.248ns  (logic 0.141ns (56.898%)  route 0.107ns (43.102%))
  Logic Levels:           1  (FDCE=1)

    Location             Delay type                Incr(ns)  Path(ns)    Netlist Resource(s)
  -------------------------------------------------------------------    -------------------
    SLICE_X9Y11          FDCE                         0.000     0.000 r  spi_ctrl/o_data_out_reg[6]/C
    SLICE_X9Y11          FDCE (Prop_fdce_C_Q)         0.141     0.141 r  spi_ctrl/o_data_out_reg[6]/Q
                         net (fo=1, routed)           0.107     0.248    fifo_inst/Q[6]
    RAMB18_X0Y4          RAMB18E1                                     r  fifo_inst/ram_reg/DIADI[6]
  -------------------------------------------------------------------    -------------------

Slack:                    inf
  Source:                 spi_ctrl/rx_shift_reg_reg[5]/C
                            (rising edge-triggered cell FDCE)
  Destination:            spi_ctrl/o_data_out_reg[5]/D
  Path Group:             (none)
  Path Type:              Min at Fast Process Corner
  Data Path Delay:        0.256ns  (logic 0.128ns (50.047%)  route 0.128ns (49.953%))
  Logic Levels:           1  (FDCE=1)

    Location             Delay type                Incr(ns)  Path(ns)    Netlist Resource(s)
  -------------------------------------------------------------------    -------------------
    SLICE_X9Y12          FDCE                         0.000     0.000 r  spi_ctrl/rx_shift_reg_reg[5]/C
    SLICE_X9Y12          FDCE (Prop_fdce_C_Q)         0.128     0.128 r  spi_ctrl/rx_shift_reg_reg[5]/Q
                         net (fo=2, routed)           0.128     0.256    spi_ctrl/rx_shift_reg[5]
    SLICE_X9Y11          FDCE                                         r  spi_ctrl/o_data_out_reg[5]/D
  -------------------------------------------------------------------    -------------------

Slack:                    inf
  Source:                 spi_ctrl/rx_shift_reg_reg[6]/C
                            (rising edge-triggered cell FDCE)
  Destination:            spi_ctrl/o_data_out_reg[6]/D
  Path Group:             (none)
  Path Type:              Min at Fast Process Corner
  Data Path Delay:        0.256ns  (logic 0.128ns (49.996%)  route 0.128ns (50.004%))
  Logic Levels:           1  (FDCE=1)

    Location             Delay type                Incr(ns)  Path(ns)    Netlist Resource(s)
  -------------------------------------------------------------------    -------------------
    SLICE_X9Y12          FDCE                         0.000     0.000 r  spi_ctrl/rx_shift_reg_reg[6]/C
    SLICE_X9Y12          FDCE (Prop_fdce_C_Q)         0.128     0.128 r  spi_ctrl/rx_shift_reg_reg[6]/Q
                         net (fo=2, routed)           0.128     0.256    spi_ctrl/rx_shift_reg[6]
    SLICE_X9Y11          FDCE                                         r  spi_ctrl/o_data_out_reg[6]/D
  -------------------------------------------------------------------    -------------------

Slack:                    inf
  Source:                 spi_ctrl/rx_shift_reg_reg[1]/C
                            (rising edge-triggered cell FDCE)
  Destination:            spi_ctrl/rx_shift_reg_reg[2]/D
  Path Group:             (none)
  Path Type:              Min at Fast Process Corner
  Data Path Delay:        0.257ns  (logic 0.141ns (54.785%)  route 0.116ns (45.215%))
  Logic Levels:           1  (FDCE=1)

    Location             Delay type                Incr(ns)  Path(ns)    Netlist Resource(s)
  -------------------------------------------------------------------    -------------------
    SLICE_X9Y12          FDCE                         0.000     0.000 r  spi_ctrl/rx_shift_reg_reg[1]/C
    SLICE_X9Y12          FDCE (Prop_fdce_C_Q)         0.141     0.141 r  spi_ctrl/rx_shift_reg_reg[1]/Q
                         net (fo=2, routed)           0.116     0.257    spi_ctrl/rx_shift_reg[1]
    SLICE_X9Y12          FDCE                                         r  spi_ctrl/rx_shift_reg_reg[2]/D
  -------------------------------------------------------------------    -------------------

Slack:                    inf
  Source:                 spi_ctrl/rx_shift_reg_reg[2]/C
                            (rising edge-triggered cell FDCE)
  Destination:            spi_ctrl/o_data_out_reg[2]/D
  Path Group:             (none)
  Path Type:              Min at Fast Process Corner
  Data Path Delay:        0.263ns  (logic 0.141ns (53.638%)  route 0.122ns (46.362%))
  Logic Levels:           1  (FDCE=1)

    Location             Delay type                Incr(ns)  Path(ns)    Netlist Resource(s)
  -------------------------------------------------------------------    -------------------
    SLICE_X9Y12          FDCE                         0.000     0.000 r  spi_ctrl/rx_shift_reg_reg[2]/C
    SLICE_X9Y12          FDCE (Prop_fdce_C_Q)         0.141     0.141 r  spi_ctrl/rx_shift_reg_reg[2]/Q
                         net (fo=2, routed)           0.122     0.263    spi_ctrl/rx_shift_reg[2]
    SLICE_X8Y11          FDCE                                         r  spi_ctrl/o_data_out_reg[2]/D
  -------------------------------------------------------------------    -------------------

Slack:                    inf
  Source:                 spi_ctrl/rx_shift_reg_reg[5]/C
                            (rising edge-triggered cell FDCE)
  Destination:            spi_ctrl/rx_shift_reg_reg[6]/D
  Path Group:             (none)
  Path Type:              Min at Fast Process Corner
  Data Path Delay:        0.263ns  (logic 0.128ns (48.640%)  route 0.135ns (51.360%))
  Logic Levels:           1  (FDCE=1)

    Location             Delay type                Incr(ns)  Path(ns)    Netlist Resource(s)
  -------------------------------------------------------------------    -------------------
    SLICE_X9Y12          FDCE                         0.000     0.000 r  spi_ctrl/rx_shift_reg_reg[5]/C
    SLICE_X9Y12          FDCE (Prop_fdce_C_Q)         0.128     0.128 r  spi_ctrl/rx_shift_reg_reg[5]/Q
                         net (fo=2, routed)           0.135     0.263    spi_ctrl/rx_shift_reg[5]
    SLICE_X9Y12          FDCE                                         r  spi_ctrl/rx_shift_reg_reg[6]/D
  -------------------------------------------------------------------    -------------------





